<?xml version="1.0" encoding="UTF-8"?>
<!-- Generated by org.testng.reporters.JUnitReportReporter -->
<testsuite hostname="SSK" failures="0" tests="1" name="testCases.TC_002LoginPage" time="3.776" errors="0" timestamp="2023-07-23T22:16:33 IST" skipped="0">
  <testcase classname="testCases.TC_002LoginPage" name="login" time="3.776"/>
</testsuite> <!-- testCases.TC_002LoginPage -->
