<?xml version="1.0" encoding="UTF-8"?>
<!-- Generated by org.testng.reporters.JUnitReportReporter -->
<testsuite hostname="SSK" failures="0" tests="1" name="testCases.TC_001Registration" time="1.462" errors="0" timestamp="2023-07-24T12:35:06 IST" skipped="0">
  <testcase classname="testCases.TC_001Registration" name="registration" time="1.462"/>
  <system-out/>
</testsuite> <!-- testCases.TC_001Registration -->
