<?xml version="1.0" encoding="UTF-8"?>
<!-- Generated by org.testng.reporters.JUnitReportReporter -->
<testsuite hostname="SSK" failures="0" tests="1" name="testCases.TC_002LoginPage" time="4.035" errors="0" timestamp="2023-07-24T12:35:06 IST" skipped="0">
  <testcase classname="testCases.TC_002LoginPage" name="login" time="4.035"/>
  <system-out/>
</testsuite> <!-- testCases.TC_002LoginPage -->
